<?xml version="1.0" encoding="UTF-8"?>
<testsuite name="com.example.weeklytotals.MainActivityTest" tests="2" skipped="0" failures="0" errors="0" timestamp="2026-02-08T20:32:16" hostname="Sentinel.local" time="0.009">
  <properties/>
  <testcase name="sanityCheck" classname="com.example.weeklytotals.MainActivityTest" time="0.001"/>
  <testcase name="appPackageName" classname="com.example.weeklytotals.MainActivityTest" time="0.008"/>
  <system-out><![CDATA[]]></system-out>
  <system-err><![CDATA[]]></system-err>
</testsuite>
