<?xml version="1.0" encoding="UTF-8"?>
<testsuite name="com.example.weeklytotals.MainActivityTest" tests="2" skipped="0" failures="0" errors="0" timestamp="2026-02-22T22:39:23" hostname="Sentinel.local" time="0.01">
  <properties/>
  <testcase name="sanityCheck" classname="com.example.weeklytotals.MainActivityTest" time="0.0"/>
  <testcase name="appPackageName" classname="com.example.weeklytotals.MainActivityTest" time="0.01"/>
  <system-out><![CDATA[]]></system-out>
  <system-err><![CDATA[]]></system-err>
</testsuite>
